<?xml version="1.0" encoding="UTF-8"?>
<testsuite name="com.sp.fc.web.PaperTest" tests="1" skipped="0" failures="0" errors="0" timestamp="2021-08-29T03:18:36" hostname="yangsungbinui-MacBookPro.local" time="0.778">
  <properties/>
  <testcase name="1. student1이 1L 시험지를 가져온다." classname="com.sp.fc.web.PaperTest" time="0.778"/>
  <system-out><![CDATA[12:18:30.850 [Test worker] DEBUG org.springframework.test.context.BootstrapUtils - Instantiating CacheAwareContextLoaderDelegate from class [org.springframework.test.context.cache.DefaultCacheAwareContextLoaderDelegate]
12:18:30.861 [Test worker] DEBUG org.springframework.test.context.BootstrapUtils - Instantiating BootstrapContext using constructor [public org.springframework.test.context.support.DefaultBootstrapContext(java.lang.Class,org.springframework.test.context.CacheAwareContextLoaderDelegate)]
12:18:30.894 [Test worker] DEBUG org.springframework.test.context.BootstrapUtils - Instantiating TestContextBootstrapper for test class [com.sp.fc.web.PaperTest] from class [org.springframework.boot.test.context.SpringBootTestContextBootstrapper]
12:18:30.904 [Test worker] INFO org.springframework.boot.test.context.SpringBootTestContextBootstrapper - Neither @ContextConfiguration nor @ContextHierarchy found for test class [com.sp.fc.web.PaperTest], using SpringBootContextLoader
12:18:30.907 [Test worker] DEBUG org.springframework.test.context.support.AbstractContextLoader - Did not detect default resource location for test class [com.sp.fc.web.PaperTest]: class path resource [com/sp/fc/web/PaperTest-context.xml] does not exist
12:18:30.907 [Test worker] DEBUG org.springframework.test.context.support.AbstractContextLoader - Did not detect default resource location for test class [com.sp.fc.web.PaperTest]: class path resource [com/sp/fc/web/PaperTestContext.groovy] does not exist
12:18:30.908 [Test worker] INFO org.springframework.test.context.support.AbstractContextLoader - Could not detect default resource locations for test class [com.sp.fc.web.PaperTest]: no resource found for suffixes {-context.xml, Context.groovy}.
12:18:30.949 [Test worker] DEBUG org.springframework.test.context.support.ActiveProfilesUtils - Could not find an 'annotation declaring class' for annotation type [org.springframework.test.context.ActiveProfiles] and class [com.sp.fc.web.PaperTest]
12:18:31.045 [Test worker] DEBUG org.springframework.boot.test.context.SpringBootTestContextBootstrapper - @TestExecutionListeners is not present for class [com.sp.fc.web.PaperTest]: using defaults.
12:18:31.046 [Test worker] INFO org.springframework.boot.test.context.SpringBootTestContextBootstrapper - Loaded default TestExecutionListener class names from location [META-INF/spring.factories]: [org.springframework.boot.test.autoconfigure.restdocs.RestDocsTestExecutionListener, org.springframework.boot.test.autoconfigure.web.client.MockRestServiceServerResetTestExecutionListener, org.springframework.boot.test.autoconfigure.web.servlet.MockMvcPrintOnlyOnFailureTestExecutionListener, org.springframework.boot.test.autoconfigure.web.servlet.WebDriverTestExecutionListener, org.springframework.boot.test.autoconfigure.webservices.client.MockWebServiceServerTestExecutionListener, org.springframework.boot.test.mock.mockito.MockitoTestExecutionListener, org.springframework.boot.test.mock.mockito.ResetMocksTestExecutionListener, org.springframework.test.context.web.ServletTestExecutionListener, org.springframework.test.context.support.DirtiesContextBeforeModesTestExecutionListener, org.springframework.test.context.support.DependencyInjectionTestExecutionListener, org.springframework.test.context.support.DirtiesContextTestExecutionListener, org.springframework.test.context.transaction.TransactionalTestExecutionListener, org.springframework.test.context.jdbc.SqlScriptsTestExecutionListener, org.springframework.test.context.event.EventPublishingTestExecutionListener]
12:18:31.060 [Test worker] INFO org.springframework.boot.test.context.SpringBootTestContextBootstrapper - Using TestExecutionListeners: [org.springframework.test.context.web.ServletTestExecutionListener@2cc83524, org.springframework.test.context.support.DirtiesContextBeforeModesTestExecutionListener@2888e3c, org.springframework.boot.test.mock.mockito.MockitoTestExecutionListener@2cac563a, org.springframework.boot.test.autoconfigure.SpringBootDependencyInjectionTestExecutionListener@55a93c2c, org.springframework.test.context.support.DirtiesContextTestExecutionListener@382542a8, org.springframework.test.context.transaction.TransactionalTestExecutionListener@7e9ac2fe, org.springframework.test.context.jdbc.SqlScriptsTestExecutionListener@30494691, org.springframework.test.context.event.EventPublishingTestExecutionListener@2c1d54e8, org.springframework.boot.test.autoconfigure.restdocs.RestDocsTestExecutionListener@3ebf63c1, org.springframework.boot.test.autoconfigure.web.client.MockRestServiceServerResetTestExecutionListener@161acbda, org.springframework.boot.test.autoconfigure.web.servlet.MockMvcPrintOnlyOnFailureTestExecutionListener@6c1d6a46, org.springframework.boot.test.autoconfigure.web.servlet.WebDriverTestExecutionListener@2a61d939, org.springframework.boot.test.autoconfigure.webservices.client.MockWebServiceServerTestExecutionListener@6f8516df, org.springframework.boot.test.mock.mockito.ResetMocksTestExecutionListener@2f8144ee]
12:18:31.063 [Test worker] DEBUG org.springframework.test.context.support.AbstractDirtiesContextTestExecutionListener - Before test class: context [DefaultTestContext@6f30481 testClass = PaperTest, testInstance = [null], testMethod = [null], testException = [null], mergedContextConfiguration = [WebMergedContextConfiguration@7211b358 testClass = PaperTest, locations = '{}', classes = '{class com.sp.fc.web.AuthorityACLApplication, class com.sp.fc.web.AuthorityACLApplication}', contextInitializerClasses = '[]', activeProfiles = '{}', propertySourceLocations = '{}', propertySourceProperties = '{org.springframework.boot.test.context.SpringBootTestContextBootstrapper=true, server.port=0}', contextCustomizers = set[org.springframework.boot.test.autoconfigure.actuate.metrics.MetricsExportContextCustomizerFactory$DisableMetricExportContextCustomizer@7d6f4550, org.springframework.boot.test.autoconfigure.properties.PropertyMappingContextCustomizer@0, org.springframework.boot.test.autoconfigure.web.servlet.WebDriverContextCustomizerFactory$Customizer@7f5cf37, org.springframework.boot.test.context.filter.ExcludeFilterContextCustomizer@6e42f43f, org.springframework.boot.test.json.DuplicateJsonObjectContextCustomizerFactory$DuplicateJsonObjectContextCustomizer@691f2a33, org.springframework.boot.test.mock.mockito.MockitoContextCustomizer@0, org.springframework.boot.test.web.client.TestRestTemplateContextCustomizer@261108f4, org.springframework.boot.test.context.SpringBootTestArgs@1, org.springframework.boot.test.context.SpringBootTestWebEnvironment@c4f5760], resourceBasePath = 'src/main/webapp', contextLoader = 'org.springframework.boot.test.context.SpringBootContextLoader', parent = [null]], attributes = map['org.springframework.test.context.web.ServletTestExecutionListener.activateListener' -> false]], class annotated with @DirtiesContext [false] with mode [null].
12:18:31.075 [Test worker] DEBUG org.springframework.test.context.support.DependencyInjectionTestExecutionListener - Performing dependency injection for test context [[DefaultTestContext@6f30481 testClass = PaperTest, testInstance = com.sp.fc.web.PaperTest@4659d7b0, testMethod = [null], testException = [null], mergedContextConfiguration = [WebMergedContextConfiguration@7211b358 testClass = PaperTest, locations = '{}', classes = '{class com.sp.fc.web.AuthorityACLApplication, class com.sp.fc.web.AuthorityACLApplication}', contextInitializerClasses = '[]', activeProfiles = '{}', propertySourceLocations = '{}', propertySourceProperties = '{org.springframework.boot.test.context.SpringBootTestContextBootstrapper=true, server.port=0}', contextCustomizers = set[org.springframework.boot.test.autoconfigure.actuate.metrics.MetricsExportContextCustomizerFactory$DisableMetricExportContextCustomizer@7d6f4550, org.springframework.boot.test.autoconfigure.properties.PropertyMappingContextCustomizer@0, org.springframework.boot.test.autoconfigure.web.servlet.WebDriverContextCustomizerFactory$Customizer@7f5cf37, org.springframework.boot.test.context.filter.ExcludeFilterContextCustomizer@6e42f43f, org.springframework.boot.test.json.DuplicateJsonObjectContextCustomizerFactory$DuplicateJsonObjectContextCustomizer@691f2a33, org.springframework.boot.test.mock.mockito.MockitoContextCustomizer@0, org.springframework.boot.test.web.client.TestRestTemplateContextCustomizer@261108f4, org.springframework.boot.test.context.SpringBootTestArgs@1, org.springframework.boot.test.context.SpringBootTestWebEnvironment@c4f5760], resourceBasePath = 'src/main/webapp', contextLoader = 'org.springframework.boot.test.context.SpringBootContextLoader', parent = [null]], attributes = map['org.springframework.test.context.web.ServletTestExecutionListener.activateListener' -> false]]].
12:18:31.098 [Test worker] DEBUG org.springframework.test.context.support.TestPropertySourceUtils - Adding inlined properties to environment: {spring.jmx.enabled=false, org.springframework.boot.test.context.SpringBootTestContextBootstrapper=true, server.port=0}

  .   ____          _            __ _ _
 /\\ / ___'_ __ _ _(_)_ __  __ _ \ \ \ \
( ( )\___ | '_ | '_| | '_ \/ _` | \ \ \ \
 \\/  ___)| |_)| | | | | || (_| |  ) ) ) )
  '  |____| .__|_| |_|_| |_\__, | / / / /
 =========|_|==============|___/=/_/_/_/
 :: Spring Boot ::                (v2.4.1)

2021-08-29 12:18:31.613  INFO 82227 --- [    Test worker] com.sp.fc.web.PaperTest                  : Starting PaperTest using Java 15.0.2 on yangsungbinui-MacBookPro.local with PID 82227 (started by rovert in /Users/rovert/Desktop/study/Backend/fastcampus/security/lec1/sp-fastcampus-spring-sec/server/authority-acl)
2021-08-29 12:18:31.616  INFO 82227 --- [    Test worker] com.sp.fc.web.PaperTest                  : No active profile set, falling back to default profiles: default
2021-08-29 12:18:32.092  INFO 82227 --- [    Test worker] .s.d.r.c.RepositoryConfigurationDelegate : Bootstrapping Spring Data JPA repositories in DEFAULT mode.
2021-08-29 12:18:32.132  INFO 82227 --- [    Test worker] .s.d.r.c.RepositoryConfigurationDelegate : Finished Spring Data repository scanning in 34 ms. Found 1 JPA repository interfaces.
2021-08-29 12:18:32.591  INFO 82227 --- [    Test worker] trationDelegate$BeanPostProcessorChecker : Bean 'org.springframework.security.access.expression.method.DefaultMethodSecurityExpressionHandler@26b81f9d' of type [org.springframework.security.access.expression.method.DefaultMethodSecurityExpressionHandler] is not eligible for getting processed by all BeanPostProcessors (for example: not eligible for auto-proxying)
2021-08-29 12:18:32.595  INFO 82227 --- [    Test worker] trationDelegate$BeanPostProcessorChecker : Bean 'aclGlobalSecurityConfig' of type [com.sp.fc.web.config.AclGlobalSecurityConfig$$EnhancerBySpringCGLIB$$b06827e9] is not eligible for getting processed by all BeanPostProcessors (for example: not eligible for auto-proxying)
2021-08-29 12:18:32.640  INFO 82227 --- [    Test worker] trationDelegate$BeanPostProcessorChecker : Bean 'dataSource' of type [com.zaxxer.hikari.HikariDataSource] is not eligible for getting processed by all BeanPostProcessors (for example: not eligible for auto-proxying)
2021-08-29 12:18:32.657  INFO 82227 --- [    Test worker] trationDelegate$BeanPostProcessorChecker : Bean 'spring.datasource-org.springframework.boot.autoconfigure.jdbc.DataSourceProperties' of type [org.springframework.boot.autoconfigure.jdbc.DataSourceProperties] is not eligible for getting processed by all BeanPostProcessors (for example: not eligible for auto-proxying)
2021-08-29 12:18:32.663  INFO 82227 --- [    Test worker] trationDelegate$BeanPostProcessorChecker : Bean 'org.springframework.boot.autoconfigure.jdbc.DataSourceInitializerInvoker' of type [org.springframework.boot.autoconfigure.jdbc.DataSourceInitializerInvoker] is not eligible for getting processed by all BeanPostProcessors (for example: not eligible for auto-proxying)
2021-08-29 12:18:32.673  INFO 82227 --- [    Test worker] o.s.c.ehcache.EhCacheManagerFactoryBean  : Initializing EhCache CacheManager
2021-08-29 12:18:32.675  WARN 82227 --- [    Test worker] n.s.ehcache.config.ConfigurationFactory  : No configuration found. Configuring ehcache from ehcache-failsafe.xml  found in the classpath: jar:file:/Users/rovert/.gradle/caches/modules-2/files-2.1/net.sf.ehcache/ehcache/2.10.6/38076997b10f5c762a210ea8b9f6099da35ac5f/ehcache-2.10.6.jar!/ehcache-failsafe.xml
2021-08-29 12:18:32.748  INFO 82227 --- [    Test worker] trationDelegate$BeanPostProcessorChecker : Bean 'ehcacheFactoryBean' of type [org.springframework.cache.ehcache.EhCacheManagerFactoryBean] is not eligible for getting processed by all BeanPostProcessors (for example: not eligible for auto-proxying)
2021-08-29 12:18:32.755  INFO 82227 --- [    Test worker] trationDelegate$BeanPostProcessorChecker : Bean 'ehcacheFactoryBean' of type [net.sf.ehcache.CacheManager] is not eligible for getting processed by all BeanPostProcessors (for example: not eligible for auto-proxying)
2021-08-29 12:18:32.803  INFO 82227 --- [    Test worker] trationDelegate$BeanPostProcessorChecker : Bean 'aclEhCacheFactoryBean' of type [org.springframework.cache.ehcache.EhCacheFactoryBean] is not eligible for getting processed by all BeanPostProcessors (for example: not eligible for auto-proxying)
2021-08-29 12:18:32.823  INFO 82227 --- [    Test worker] trationDelegate$BeanPostProcessorChecker : Bean 'aclEhCacheFactoryBean' of type [net.sf.ehcache.Cache] is not eligible for getting processed by all BeanPostProcessors (for example: not eligible for auto-proxying)
2021-08-29 12:18:32.829  INFO 82227 --- [    Test worker] trationDelegate$BeanPostProcessorChecker : Bean 'consoleAuditLogger' of type [org.springframework.security.acls.domain.ConsoleAuditLogger] is not eligible for getting processed by all BeanPostProcessors (for example: not eligible for auto-proxying)
2021-08-29 12:18:32.831  INFO 82227 --- [    Test worker] trationDelegate$BeanPostProcessorChecker : Bean 'permissionGrantingStrategy' of type [org.springframework.security.acls.domain.DefaultPermissionGrantingStrategy] is not eligible for getting processed by all BeanPostProcessors (for example: not eligible for auto-proxying)
2021-08-29 12:18:32.834  INFO 82227 --- [    Test worker] trationDelegate$BeanPostProcessorChecker : Bean 'aclCache' of type [org.springframework.security.acls.domain.EhCacheBasedAclCache] is not eligible for getting processed by all BeanPostProcessors (for example: not eligible for auto-proxying)
2021-08-29 12:18:32.842  INFO 82227 --- [    Test worker] trationDelegate$BeanPostProcessorChecker : Bean 'lookupStrategy' of type [org.springframework.security.acls.jdbc.BasicLookupStrategy] is not eligible for getting processed by all BeanPostProcessors (for example: not eligible for auto-proxying)
2021-08-29 12:18:32.846  INFO 82227 --- [    Test worker] trationDelegate$BeanPostProcessorChecker : Bean 'aclService' of type [org.springframework.security.acls.jdbc.JdbcMutableAclService] is not eligible for getting processed by all BeanPostProcessors (for example: not eligible for auto-proxying)
2021-08-29 12:18:32.851  INFO 82227 --- [    Test worker] trationDelegate$BeanPostProcessorChecker : Bean 'aclPermissionEvaluator' of type [org.springframework.security.acls.AclPermissionEvaluator] is not eligible for getting processed by all BeanPostProcessors (for example: not eligible for auto-proxying)
2021-08-29 12:18:32.857  INFO 82227 --- [    Test worker] trationDelegate$BeanPostProcessorChecker : Bean 'methodSecurityMetadataSource' of type [org.springframework.security.access.method.DelegatingMethodSecurityMetadataSource] is not eligible for getting processed by all BeanPostProcessors (for example: not eligible for auto-proxying)
2021-08-29 12:18:33.172  INFO 82227 --- [    Test worker] o.s.b.w.embedded.tomcat.TomcatWebServer  : Tomcat initialized with port(s): 0 (http)
2021-08-29 12:18:33.183  INFO 82227 --- [    Test worker] o.apache.catalina.core.StandardService   : Starting service [Tomcat]
2021-08-29 12:18:33.183  INFO 82227 --- [    Test worker] org.apache.catalina.core.StandardEngine  : Starting Servlet engine: [Apache Tomcat/9.0.41]
2021-08-29 12:18:33.288  INFO 82227 --- [    Test worker] o.a.c.c.C.[Tomcat].[localhost].[/]       : Initializing Spring embedded WebApplicationContext
2021-08-29 12:18:33.288  INFO 82227 --- [    Test worker] w.s.c.ServletWebServerApplicationContext : Root WebApplicationContext: initialization completed in 1652 ms
2021-08-29 12:18:33.521  INFO 82227 --- [    Test worker] o.hibernate.jpa.internal.util.LogHelper  : HHH000204: Processing PersistenceUnitInfo [name: default]
2021-08-29 12:18:33.582  INFO 82227 --- [    Test worker] org.hibernate.Version                    : HHH000412: Hibernate ORM core version 5.4.25.Final
2021-08-29 12:18:33.744  INFO 82227 --- [    Test worker] o.hibernate.annotations.common.Version   : HCANN000001: Hibernate Commons Annotations {5.1.2.Final}
2021-08-29 12:18:33.840  INFO 82227 --- [    Test worker] com.zaxxer.hikari.HikariDataSource       : HikariPool-1 - Starting...
2021-08-29 12:18:34.150  INFO 82227 --- [    Test worker] com.zaxxer.hikari.HikariDataSource       : HikariPool-1 - Start completed.
2021-08-29 12:18:34.169  INFO 82227 --- [    Test worker] org.hibernate.dialect.Dialect            : HHH000400: Using dialect: org.hibernate.dialect.MySQL8Dialect
2021-08-29 12:18:34.783  INFO 82227 --- [    Test worker] o.h.e.t.j.p.i.JtaPlatformInitiator       : HHH000490: Using JtaPlatform implementation: [org.hibernate.engine.transaction.jta.platform.internal.NoJtaPlatform]
2021-08-29 12:18:34.791  INFO 82227 --- [    Test worker] j.LocalContainerEntityManagerFactoryBean : Initialized JPA EntityManagerFactory for persistence unit 'default'
2021-08-29 12:18:34.848  WARN 82227 --- [    Test worker] JpaBaseConfiguration$JpaWebConfiguration : spring.jpa.open-in-view is enabled by default. Therefore, database queries may be performed during view rendering. Explicitly configure spring.jpa.open-in-view to disable this warning
2021-08-29 12:18:35.220  WARN 82227 --- [    Test worker] o.s.security.core.userdetails.User       : User.withDefaultPasswordEncoder() is considered unsafe for production and is only intended for sample applications.
2021-08-29 12:18:35.332  WARN 82227 --- [    Test worker] o.s.security.core.userdetails.User       : User.withDefaultPasswordEncoder() is considered unsafe for production and is only intended for sample applications.
2021-08-29 12:18:35.543  INFO 82227 --- [    Test worker] o.s.s.web.DefaultSecurityFilterChain     : Will secure any request with [org.springframework.security.web.context.request.async.WebAsyncManagerIntegrationFilter@3ae31001, org.springframework.security.web.context.SecurityContextPersistenceFilter@3cb4e72e, org.springframework.security.web.header.HeaderWriterFilter@2c8a2eb3, org.springframework.security.web.csrf.CsrfFilter@5638ebcf, org.springframework.security.web.authentication.logout.LogoutFilter@13fc277d, org.springframework.security.web.authentication.www.BasicAuthenticationFilter@16f0028f, org.springframework.security.web.savedrequest.RequestCacheAwareFilter@78d6f951, org.springframework.security.web.servletapi.SecurityContextHolderAwareRequestFilter@392d33c3, org.springframework.security.web.authentication.AnonymousAuthenticationFilter@22ecc19b, org.springframework.security.web.session.SessionManagementFilter@63b344e6, org.springframework.security.web.access.ExceptionTranslationFilter@48c9b1b3, org.springframework.security.web.access.intercept.FilterSecurityInterceptor@384ee5ac]
2021-08-29 12:18:35.747  INFO 82227 --- [    Test worker] o.s.s.concurrent.ThreadPoolTaskExecutor  : Initializing ExecutorService 'applicationTaskExecutor'
2021-08-29 12:18:36.075  INFO 82227 --- [    Test worker] .s.s.UserDetailsServiceAutoConfiguration : 

Using generated security password: f407afb8-7d4a-4c19-81e1-60fdf71b53e6

2021-08-29 12:18:36.095  INFO 82227 --- [    Test worker] o.s.b.w.embedded.tomcat.TomcatWebServer  : Tomcat started on port(s): 55761 (http) with context path ''
2021-08-29 12:18:36.103  INFO 82227 --- [    Test worker] com.sp.fc.web.PaperTest                  : Started PaperTest in 5.002 seconds (JVM running for 5.958)
Hibernate: select paper0_.id as id1_0_, paper0_.state as state2_0_, paper0_.title as title3_0_, paper0_.tutor_id as tutor_id4_0_ from paper paper0_
Hibernate: delete from paper where id=?
Hibernate: select paper0_.id as id1_0_0_, paper0_.state as state2_0_0_, paper0_.title as title3_0_0_, paper0_.tutor_id as tutor_id4_0_0_ from paper paper0_ where paper0_.id=?
Hibernate: insert into paper (state, title, tutor_id, id) values (?, ?, ?, ?)
2021-08-29 12:18:36.583  INFO 82227 --- [o-auto-1-exec-1] o.a.c.c.C.[Tomcat].[localhost].[/]       : Initializing Spring DispatcherServlet 'dispatcherServlet'
2021-08-29 12:18:36.583  INFO 82227 --- [o-auto-1-exec-1] o.s.web.servlet.DispatcherServlet        : Initializing Servlet 'dispatcherServlet'
2021-08-29 12:18:36.585  INFO 82227 --- [o-auto-1-exec-1] o.s.web.servlet.DispatcherServlet        : Completed initialization in 2 ms
Hibernate: select paper0_.id as id1_0_0_, paper0_.state as state2_0_0_, paper0_.title as title3_0_0_, paper0_.tutor_id as tutor_id4_0_0_ from paper paper0_ where paper0_.id=?
GRANTED due to ACE: AccessControlEntryImpl[id: 1; granting: true; sid: PrincipalSid[student1]; permission: BasePermission[...............................R=1]; auditSuccess: true; auditFailure: true]
Paper(id=1, title=paper1, tutorId=tutor1, state=PREPARE)
]]></system-out>
  <system-err><![CDATA[]]></system-err>
</testsuite>
