<?xml version="1.0" encoding="UTF-8"?>
<testsuite name="com.sp.fc.service.PaperTemplateTest" tests="3" skipped="0" failures="0" errors="0" timestamp="2021-08-29T21:04:40" hostname="yangsungbinui-MacBookPro.local" time="0.085">
  <properties/>
  <testcase name="1. 시험지를 한개 만든다." classname="com.sp.fc.service.PaperTemplateTest" time="0.022"/>
  <testcase name="2. 문제를 추가한다." classname="com.sp.fc.service.PaperTemplateTest" time="0.025"/>
  <testcase name="3. 문제를 삭제한다." classname="com.sp.fc.service.PaperTemplateTest" time="0.035"/>
  <system-out><![CDATA[2021-08-30 06:04:40.811  INFO 9015 --- [    Test worker] b.t.a.o.j.DataJpaTestContextBootstrapper : Neither @ContextConfiguration nor @ContextHierarchy found for test class [com.sp.fc.service.PaperTemplateTest], using SpringBootContextLoader
2021-08-30 06:04:40.812  INFO 9015 --- [    Test worker] o.s.t.c.support.AbstractContextLoader    : Could not detect default resource locations for test class [com.sp.fc.service.PaperTemplateTest]: no resource found for suffixes {-context.xml, Context.groovy}.
2021-08-30 06:04:40.812  INFO 9015 --- [    Test worker] t.c.s.AnnotationConfigContextLoaderUtils : Could not detect default configuration classes for test class [com.sp.fc.service.PaperTemplateTest]: PaperTemplateTest does not declare any static, non-private, non-final, nested classes annotated with @Configuration.
2021-08-30 06:04:40.817  INFO 9015 --- [    Test worker] .b.t.c.SpringBootTestContextBootstrapper : Found @SpringBootConfiguration com.sp.fc.PaperTestApp for test class com.sp.fc.service.PaperTemplateTest
2021-08-30 06:04:40.818  INFO 9015 --- [    Test worker] b.t.a.o.j.DataJpaTestContextBootstrapper : Loaded default TestExecutionListener class names from location [META-INF/spring.factories]: [org.springframework.boot.test.autoconfigure.restdocs.RestDocsTestExecutionListener, org.springframework.boot.test.autoconfigure.web.client.MockRestServiceServerResetTestExecutionListener, org.springframework.boot.test.autoconfigure.web.servlet.MockMvcPrintOnlyOnFailureTestExecutionListener, org.springframework.boot.test.autoconfigure.web.servlet.WebDriverTestExecutionListener, org.springframework.boot.test.autoconfigure.webservices.client.MockWebServiceServerTestExecutionListener, org.springframework.boot.test.mock.mockito.MockitoTestExecutionListener, org.springframework.boot.test.mock.mockito.ResetMocksTestExecutionListener, org.springframework.test.context.web.ServletTestExecutionListener, org.springframework.test.context.support.DirtiesContextBeforeModesTestExecutionListener, org.springframework.test.context.support.DependencyInjectionTestExecutionListener, org.springframework.test.context.support.DirtiesContextTestExecutionListener, org.springframework.test.context.transaction.TransactionalTestExecutionListener, org.springframework.test.context.jdbc.SqlScriptsTestExecutionListener, org.springframework.test.context.event.EventPublishingTestExecutionListener]
2021-08-30 06:04:40.820  INFO 9015 --- [    Test worker] b.t.a.o.j.DataJpaTestContextBootstrapper : Using TestExecutionListeners: [org.springframework.test.context.support.DirtiesContextBeforeModesTestExecutionListener@6e21a666, org.springframework.boot.test.mock.mockito.MockitoTestExecutionListener@587af9a3, org.springframework.boot.test.autoconfigure.SpringBootDependencyInjectionTestExecutionListener@1dc90809, org.springframework.test.context.support.DirtiesContextTestExecutionListener@3d81a422, org.springframework.test.context.transaction.TransactionalTestExecutionListener@5ef03762, org.springframework.test.context.jdbc.SqlScriptsTestExecutionListener@51c87afe, org.springframework.test.context.event.EventPublishingTestExecutionListener@494b98e, org.springframework.boot.test.autoconfigure.restdocs.RestDocsTestExecutionListener@3484bd8a, org.springframework.boot.test.autoconfigure.web.client.MockRestServiceServerResetTestExecutionListener@6b90d75f, org.springframework.boot.test.autoconfigure.web.servlet.MockMvcPrintOnlyOnFailureTestExecutionListener@799d4f59, org.springframework.boot.test.autoconfigure.web.servlet.WebDriverTestExecutionListener@58e4d12d, org.springframework.boot.test.autoconfigure.webservices.client.MockWebServiceServerTestExecutionListener@499d5f56, org.springframework.boot.test.mock.mockito.ResetMocksTestExecutionListener@245a5315]
2021-08-30 06:04:40.827  INFO 9015 --- [    Test worker] o.s.t.c.transaction.TransactionContext   : Began transaction (1) for test context [DefaultTestContext@7c2d82ff testClass = PaperTemplateTest, testInstance = com.sp.fc.service.PaperTemplateTest@5d50ddd9, testMethod = test_1@PaperTemplateTest, testException = [null], mergedContextConfiguration = [MergedContextConfiguration@2b6bbbcd testClass = PaperTemplateTest, locations = '{}', classes = '{class com.sp.fc.PaperTestApp}', contextInitializerClasses = '[]', activeProfiles = '{}', propertySourceLocations = '{}', propertySourceProperties = '{org.springframework.boot.test.autoconfigure.orm.jpa.DataJpaTestContextBootstrapper=true}', contextCustomizers = set[org.springframework.boot.test.autoconfigure.OverrideAutoConfigurationContextCustomizerFactory$DisableAutoConfigurationContextCustomizer@ae30538, org.springframework.boot.test.autoconfigure.actuate.metrics.MetricsExportContextCustomizerFactory$DisableMetricExportContextCustomizer@104db479, org.springframework.boot.test.autoconfigure.filter.TypeExcludeFiltersContextCustomizer@351584c0, org.springframework.boot.test.autoconfigure.properties.PropertyMappingContextCustomizer@e5015237, org.springframework.boot.test.autoconfigure.web.servlet.WebDriverContextCustomizerFactory$Customizer@6cac0485, [ImportsContextCustomizer@ad2c6a0 key = [org.springframework.boot.autoconfigure.cache.CacheAutoConfiguration, org.springframework.boot.autoconfigure.data.jpa.JpaRepositoriesAutoConfiguration, org.springframework.boot.autoconfigure.flyway.FlywayAutoConfiguration, org.springframework.boot.autoconfigure.jdbc.DataSourceAutoConfiguration, org.springframework.boot.autoconfigure.jdbc.DataSourceTransactionManagerAutoConfiguration, org.springframework.boot.autoconfigure.jdbc.JdbcTemplateAutoConfiguration, org.springframework.boot.autoconfigure.liquibase.LiquibaseAutoConfiguration, org.springframework.boot.autoconfigure.orm.jpa.HibernateJpaAutoConfiguration, org.springframework.boot.autoconfigure.transaction.TransactionAutoConfiguration, org.springframework.boot.test.autoconfigure.jdbc.TestDatabaseAutoConfiguration, org.springframework.boot.test.autoconfigure.orm.jpa.TestEntityManagerAutoConfiguration]], org.springframework.boot.test.context.filter.ExcludeFilterContextCustomizer@52af207c, org.springframework.boot.test.json.DuplicateJsonObjectContextCustomizerFactory$DuplicateJsonObjectContextCustomizer@14b40924, org.springframework.boot.test.mock.mockito.MockitoContextCustomizer@0, org.springframework.boot.test.context.SpringBootTestArgs@1, org.springframework.boot.test.context.SpringBootTestWebEnvironment@0], contextLoader = 'org.springframework.boot.test.context.SpringBootContextLoader', parent = [null]], attributes = map[[empty]]]; transaction manager [org.springframework.orm.jpa.JpaTransactionManager@39572272]; rollback [true]
Hibernate: select problem0_.problem_id as problem_1_4_, problem0_.answer as answer2_4_, problem0_.content as content3_4_, problem0_.created as created4_4_, problem0_.index_num as index_nu5_4_, problem0_.paper_template_id as paper_te6_4_, problem0_.updated as updated7_4_ from problem problem0_
Hibernate: select papertempl0_.paper_template_id as paper_te1_3_, papertempl0_.complete_count as complete2_3_, papertempl0_.created as created3_3_, papertempl0_.name as name4_3_, papertempl0_.published_count as publishe5_3_, papertempl0_.total as total6_3_, papertempl0_.updated as updated7_3_, papertempl0_.user_id as user_id8_3_ from paper_template papertempl0_
Hibernate: select school0_.school_id as school_i1_5_, school0_.city as city2_5_, school0_.created as created3_5_, school0_.name as name4_5_, school0_.updated as updated5_5_ from school school0_
Hibernate: select user0_.user_id as user_id1_6_, user0_.created as created2_6_, user0_.email as email3_6_, user0_.enabled as enabled4_6_, user0_.grade as grade5_6_, user0_.name as name6_6_, user0_.password as password7_6_, user0_.school_school_id as school_s9_6_, user0_.teacher_user_id as teacher10_6_, user0_.updated as updated8_6_ from user user0_
Hibernate: insert into school (school_id, city, created, name, updated) values (null, ?, ?, ?, ?)
Hibernate: insert into user (user_id, created, email, enabled, grade, name, password, school_school_id, teacher_user_id, updated) values (null, ?, ?, ?, ?, ?, ?, ?, ?, ?)
Hibernate: select authority0_.user_id as user_id1_0_0_, authority0_.authority as authorit2_0_0_ from authority authority0_ where authority0_.user_id=? and authority0_.authority=?
Hibernate: insert into authority (user_id, authority) values (?, ?)
Hibernate: insert into paper_template (paper_template_id, complete_count, created, name, published_count, total, updated, user_id) values (null, ?, ?, ?, ?, ?, ?, ?)
Hibernate: select count(*) as col_0_0_ from paper_template papertempl0_
Hibernate: select papertempl0_.paper_template_id as paper_te1_3_, papertempl0_.complete_count as complete2_3_, papertempl0_.created as created3_3_, papertempl0_.name as name4_3_, papertempl0_.published_count as publishe5_3_, papertempl0_.total as total6_3_, papertempl0_.updated as updated7_3_, papertempl0_.user_id as user_id8_3_ from paper_template papertempl0_
2021-08-30 06:04:40.847  INFO 9015 --- [    Test worker] o.s.t.c.transaction.TransactionContext   : Rolled back transaction for test: [DefaultTestContext@7c2d82ff testClass = PaperTemplateTest, testInstance = com.sp.fc.service.PaperTemplateTest@5d50ddd9, testMethod = test_1@PaperTemplateTest, testException = [null], mergedContextConfiguration = [MergedContextConfiguration@2b6bbbcd testClass = PaperTemplateTest, locations = '{}', classes = '{class com.sp.fc.PaperTestApp}', contextInitializerClasses = '[]', activeProfiles = '{}', propertySourceLocations = '{}', propertySourceProperties = '{org.springframework.boot.test.autoconfigure.orm.jpa.DataJpaTestContextBootstrapper=true}', contextCustomizers = set[org.springframework.boot.test.autoconfigure.OverrideAutoConfigurationContextCustomizerFactory$DisableAutoConfigurationContextCustomizer@ae30538, org.springframework.boot.test.autoconfigure.actuate.metrics.MetricsExportContextCustomizerFactory$DisableMetricExportContextCustomizer@104db479, org.springframework.boot.test.autoconfigure.filter.TypeExcludeFiltersContextCustomizer@351584c0, org.springframework.boot.test.autoconfigure.properties.PropertyMappingContextCustomizer@e5015237, org.springframework.boot.test.autoconfigure.web.servlet.WebDriverContextCustomizerFactory$Customizer@6cac0485, [ImportsContextCustomizer@ad2c6a0 key = [org.springframework.boot.autoconfigure.cache.CacheAutoConfiguration, org.springframework.boot.autoconfigure.data.jpa.JpaRepositoriesAutoConfiguration, org.springframework.boot.autoconfigure.flyway.FlywayAutoConfiguration, org.springframework.boot.autoconfigure.jdbc.DataSourceAutoConfiguration, org.springframework.boot.autoconfigure.jdbc.DataSourceTransactionManagerAutoConfiguration, org.springframework.boot.autoconfigure.jdbc.JdbcTemplateAutoConfiguration, org.springframework.boot.autoconfigure.liquibase.LiquibaseAutoConfiguration, org.springframework.boot.autoconfigure.orm.jpa.HibernateJpaAutoConfiguration, org.springframework.boot.autoconfigure.transaction.TransactionAutoConfiguration, org.springframework.boot.test.autoconfigure.jdbc.TestDatabaseAutoConfiguration, org.springframework.boot.test.autoconfigure.orm.jpa.TestEntityManagerAutoConfiguration]], org.springframework.boot.test.context.filter.ExcludeFilterContextCustomizer@52af207c, org.springframework.boot.test.json.DuplicateJsonObjectContextCustomizerFactory$DuplicateJsonObjectContextCustomizer@14b40924, org.springframework.boot.test.mock.mockito.MockitoContextCustomizer@0, org.springframework.boot.test.context.SpringBootTestArgs@1, org.springframework.boot.test.context.SpringBootTestWebEnvironment@0], contextLoader = 'org.springframework.boot.test.context.SpringBootContextLoader', parent = [null]], attributes = map[[empty]]]
2021-08-30 06:04:40.850  INFO 9015 --- [    Test worker] o.s.t.c.transaction.TransactionContext   : Began transaction (1) for test context [DefaultTestContext@7c2d82ff testClass = PaperTemplateTest, testInstance = com.sp.fc.service.PaperTemplateTest@731f2a42, testMethod = test_2@PaperTemplateTest, testException = [null], mergedContextConfiguration = [MergedContextConfiguration@2b6bbbcd testClass = PaperTemplateTest, locations = '{}', classes = '{class com.sp.fc.PaperTestApp}', contextInitializerClasses = '[]', activeProfiles = '{}', propertySourceLocations = '{}', propertySourceProperties = '{org.springframework.boot.test.autoconfigure.orm.jpa.DataJpaTestContextBootstrapper=true}', contextCustomizers = set[org.springframework.boot.test.autoconfigure.OverrideAutoConfigurationContextCustomizerFactory$DisableAutoConfigurationContextCustomizer@ae30538, org.springframework.boot.test.autoconfigure.actuate.metrics.MetricsExportContextCustomizerFactory$DisableMetricExportContextCustomizer@104db479, org.springframework.boot.test.autoconfigure.filter.TypeExcludeFiltersContextCustomizer@351584c0, org.springframework.boot.test.autoconfigure.properties.PropertyMappingContextCustomizer@e5015237, org.springframework.boot.test.autoconfigure.web.servlet.WebDriverContextCustomizerFactory$Customizer@6cac0485, [ImportsContextCustomizer@ad2c6a0 key = [org.springframework.boot.autoconfigure.cache.CacheAutoConfiguration, org.springframework.boot.autoconfigure.data.jpa.JpaRepositoriesAutoConfiguration, org.springframework.boot.autoconfigure.flyway.FlywayAutoConfiguration, org.springframework.boot.autoconfigure.jdbc.DataSourceAutoConfiguration, org.springframework.boot.autoconfigure.jdbc.DataSourceTransactionManagerAutoConfiguration, org.springframework.boot.autoconfigure.jdbc.JdbcTemplateAutoConfiguration, org.springframework.boot.autoconfigure.liquibase.LiquibaseAutoConfiguration, org.springframework.boot.autoconfigure.orm.jpa.HibernateJpaAutoConfiguration, org.springframework.boot.autoconfigure.transaction.TransactionAutoConfiguration, org.springframework.boot.test.autoconfigure.jdbc.TestDatabaseAutoConfiguration, org.springframework.boot.test.autoconfigure.orm.jpa.TestEntityManagerAutoConfiguration]], org.springframework.boot.test.context.filter.ExcludeFilterContextCustomizer@52af207c, org.springframework.boot.test.json.DuplicateJsonObjectContextCustomizerFactory$DuplicateJsonObjectContextCustomizer@14b40924, org.springframework.boot.test.mock.mockito.MockitoContextCustomizer@0, org.springframework.boot.test.context.SpringBootTestArgs@1, org.springframework.boot.test.context.SpringBootTestWebEnvironment@0], contextLoader = 'org.springframework.boot.test.context.SpringBootContextLoader', parent = [null]], attributes = map[[empty]]]; transaction manager [org.springframework.orm.jpa.JpaTransactionManager@39572272]; rollback [true]
Hibernate: select problem0_.problem_id as problem_1_4_, problem0_.answer as answer2_4_, problem0_.content as content3_4_, problem0_.created as created4_4_, problem0_.index_num as index_nu5_4_, problem0_.paper_template_id as paper_te6_4_, problem0_.updated as updated7_4_ from problem problem0_
Hibernate: select papertempl0_.paper_template_id as paper_te1_3_, papertempl0_.complete_count as complete2_3_, papertempl0_.created as created3_3_, papertempl0_.name as name4_3_, papertempl0_.published_count as publishe5_3_, papertempl0_.total as total6_3_, papertempl0_.updated as updated7_3_, papertempl0_.user_id as user_id8_3_ from paper_template papertempl0_
Hibernate: select school0_.school_id as school_i1_5_, school0_.city as city2_5_, school0_.created as created3_5_, school0_.name as name4_5_, school0_.updated as updated5_5_ from school school0_
Hibernate: select user0_.user_id as user_id1_6_, user0_.created as created2_6_, user0_.email as email3_6_, user0_.enabled as enabled4_6_, user0_.grade as grade5_6_, user0_.name as name6_6_, user0_.password as password7_6_, user0_.school_school_id as school_s9_6_, user0_.teacher_user_id as teacher10_6_, user0_.updated as updated8_6_ from user user0_
Hibernate: insert into school (school_id, city, created, name, updated) values (null, ?, ?, ?, ?)
Hibernate: insert into user (user_id, created, email, enabled, grade, name, password, school_school_id, teacher_user_id, updated) values (null, ?, ?, ?, ?, ?, ?, ?, ?, ?)
Hibernate: select authority0_.user_id as user_id1_0_0_, authority0_.authority as authorit2_0_0_ from authority authority0_ where authority0_.user_id=? and authority0_.authority=?
Hibernate: insert into authority (user_id, authority) values (?, ?)
Hibernate: insert into paper_template (paper_template_id, complete_count, created, name, published_count, total, updated, user_id) values (null, ?, ?, ?, ?, ?, ?, ?)
Hibernate: insert into problem (problem_id, answer, content, created, index_num, paper_template_id, updated) values (null, ?, ?, ?, ?, ?, ?)
Hibernate: insert into problem (problem_id, answer, content, created, index_num, paper_template_id, updated) values (null, ?, ?, ?, ?, ?, ?)
Hibernate: insert into problem (problem_id, answer, content, created, index_num, paper_template_id, updated) values (null, ?, ?, ?, ?, ?, ?)
Hibernate: update user set email=?, enabled=?, grade=?, name=?, password=?, school_school_id=?, teacher_user_id=?, updated=? where user_id=?
Hibernate: update paper_template set complete_count=?, name=?, published_count=?, total=?, updated=?, user_id=? where paper_template_id=?
Hibernate: update authority set authorities_user_id=? where user_id=? and authority=?
Hibernate: update problem set problem_list_paper_template_id=? where problem_id=?
Hibernate: update problem set problem_list_paper_template_id=? where problem_id=?
Hibernate: update problem set problem_list_paper_template_id=? where problem_id=?
Hibernate: select papertempl0_.paper_template_id as paper_te1_3_, papertempl0_.complete_count as complete2_3_, papertempl0_.created as created3_3_, papertempl0_.name as name4_3_, papertempl0_.published_count as publishe5_3_, papertempl0_.total as total6_3_, papertempl0_.updated as updated7_3_, papertempl0_.user_id as user_id8_3_ from paper_template papertempl0_
2021-08-30 06:04:40.873  INFO 9015 --- [    Test worker] o.s.t.c.transaction.TransactionContext   : Rolled back transaction for test: [DefaultTestContext@7c2d82ff testClass = PaperTemplateTest, testInstance = com.sp.fc.service.PaperTemplateTest@731f2a42, testMethod = test_2@PaperTemplateTest, testException = [null], mergedContextConfiguration = [MergedContextConfiguration@2b6bbbcd testClass = PaperTemplateTest, locations = '{}', classes = '{class com.sp.fc.PaperTestApp}', contextInitializerClasses = '[]', activeProfiles = '{}', propertySourceLocations = '{}', propertySourceProperties = '{org.springframework.boot.test.autoconfigure.orm.jpa.DataJpaTestContextBootstrapper=true}', contextCustomizers = set[org.springframework.boot.test.autoconfigure.OverrideAutoConfigurationContextCustomizerFactory$DisableAutoConfigurationContextCustomizer@ae30538, org.springframework.boot.test.autoconfigure.actuate.metrics.MetricsExportContextCustomizerFactory$DisableMetricExportContextCustomizer@104db479, org.springframework.boot.test.autoconfigure.filter.TypeExcludeFiltersContextCustomizer@351584c0, org.springframework.boot.test.autoconfigure.properties.PropertyMappingContextCustomizer@e5015237, org.springframework.boot.test.autoconfigure.web.servlet.WebDriverContextCustomizerFactory$Customizer@6cac0485, [ImportsContextCustomizer@ad2c6a0 key = [org.springframework.boot.autoconfigure.cache.CacheAutoConfiguration, org.springframework.boot.autoconfigure.data.jpa.JpaRepositoriesAutoConfiguration, org.springframework.boot.autoconfigure.flyway.FlywayAutoConfiguration, org.springframework.boot.autoconfigure.jdbc.DataSourceAutoConfiguration, org.springframework.boot.autoconfigure.jdbc.DataSourceTransactionManagerAutoConfiguration, org.springframework.boot.autoconfigure.jdbc.JdbcTemplateAutoConfiguration, org.springframework.boot.autoconfigure.liquibase.LiquibaseAutoConfiguration, org.springframework.boot.autoconfigure.orm.jpa.HibernateJpaAutoConfiguration, org.springframework.boot.autoconfigure.transaction.TransactionAutoConfiguration, org.springframework.boot.test.autoconfigure.jdbc.TestDatabaseAutoConfiguration, org.springframework.boot.test.autoconfigure.orm.jpa.TestEntityManagerAutoConfiguration]], org.springframework.boot.test.context.filter.ExcludeFilterContextCustomizer@52af207c, org.springframework.boot.test.json.DuplicateJsonObjectContextCustomizerFactory$DuplicateJsonObjectContextCustomizer@14b40924, org.springframework.boot.test.mock.mockito.MockitoContextCustomizer@0, org.springframework.boot.test.context.SpringBootTestArgs@1, org.springframework.boot.test.context.SpringBootTestWebEnvironment@0], contextLoader = 'org.springframework.boot.test.context.SpringBootContextLoader', parent = [null]], attributes = map[[empty]]]
2021-08-30 06:04:40.877  INFO 9015 --- [    Test worker] o.s.t.c.transaction.TransactionContext   : Began transaction (1) for test context [DefaultTestContext@7c2d82ff testClass = PaperTemplateTest, testInstance = com.sp.fc.service.PaperTemplateTest@579feecc, testMethod = test_3@PaperTemplateTest, testException = [null], mergedContextConfiguration = [MergedContextConfiguration@2b6bbbcd testClass = PaperTemplateTest, locations = '{}', classes = '{class com.sp.fc.PaperTestApp}', contextInitializerClasses = '[]', activeProfiles = '{}', propertySourceLocations = '{}', propertySourceProperties = '{org.springframework.boot.test.autoconfigure.orm.jpa.DataJpaTestContextBootstrapper=true}', contextCustomizers = set[org.springframework.boot.test.autoconfigure.OverrideAutoConfigurationContextCustomizerFactory$DisableAutoConfigurationContextCustomizer@ae30538, org.springframework.boot.test.autoconfigure.actuate.metrics.MetricsExportContextCustomizerFactory$DisableMetricExportContextCustomizer@104db479, org.springframework.boot.test.autoconfigure.filter.TypeExcludeFiltersContextCustomizer@351584c0, org.springframework.boot.test.autoconfigure.properties.PropertyMappingContextCustomizer@e5015237, org.springframework.boot.test.autoconfigure.web.servlet.WebDriverContextCustomizerFactory$Customizer@6cac0485, [ImportsContextCustomizer@ad2c6a0 key = [org.springframework.boot.autoconfigure.cache.CacheAutoConfiguration, org.springframework.boot.autoconfigure.data.jpa.JpaRepositoriesAutoConfiguration, org.springframework.boot.autoconfigure.flyway.FlywayAutoConfiguration, org.springframework.boot.autoconfigure.jdbc.DataSourceAutoConfiguration, org.springframework.boot.autoconfigure.jdbc.DataSourceTransactionManagerAutoConfiguration, org.springframework.boot.autoconfigure.jdbc.JdbcTemplateAutoConfiguration, org.springframework.boot.autoconfigure.liquibase.LiquibaseAutoConfiguration, org.springframework.boot.autoconfigure.orm.jpa.HibernateJpaAutoConfiguration, org.springframework.boot.autoconfigure.transaction.TransactionAutoConfiguration, org.springframework.boot.test.autoconfigure.jdbc.TestDatabaseAutoConfiguration, org.springframework.boot.test.autoconfigure.orm.jpa.TestEntityManagerAutoConfiguration]], org.springframework.boot.test.context.filter.ExcludeFilterContextCustomizer@52af207c, org.springframework.boot.test.json.DuplicateJsonObjectContextCustomizerFactory$DuplicateJsonObjectContextCustomizer@14b40924, org.springframework.boot.test.mock.mockito.MockitoContextCustomizer@0, org.springframework.boot.test.context.SpringBootTestArgs@1, org.springframework.boot.test.context.SpringBootTestWebEnvironment@0], contextLoader = 'org.springframework.boot.test.context.SpringBootContextLoader', parent = [null]], attributes = map[[empty]]]; transaction manager [org.springframework.orm.jpa.JpaTransactionManager@39572272]; rollback [true]
Hibernate: select problem0_.problem_id as problem_1_4_, problem0_.answer as answer2_4_, problem0_.content as content3_4_, problem0_.created as created4_4_, problem0_.index_num as index_nu5_4_, problem0_.paper_template_id as paper_te6_4_, problem0_.updated as updated7_4_ from problem problem0_
Hibernate: select papertempl0_.paper_template_id as paper_te1_3_, papertempl0_.complete_count as complete2_3_, papertempl0_.created as created3_3_, papertempl0_.name as name4_3_, papertempl0_.published_count as publishe5_3_, papertempl0_.total as total6_3_, papertempl0_.updated as updated7_3_, papertempl0_.user_id as user_id8_3_ from paper_template papertempl0_
Hibernate: select school0_.school_id as school_i1_5_, school0_.city as city2_5_, school0_.created as created3_5_, school0_.name as name4_5_, school0_.updated as updated5_5_ from school school0_
Hibernate: select user0_.user_id as user_id1_6_, user0_.created as created2_6_, user0_.email as email3_6_, user0_.enabled as enabled4_6_, user0_.grade as grade5_6_, user0_.name as name6_6_, user0_.password as password7_6_, user0_.school_school_id as school_s9_6_, user0_.teacher_user_id as teacher10_6_, user0_.updated as updated8_6_ from user user0_
Hibernate: insert into school (school_id, city, created, name, updated) values (null, ?, ?, ?, ?)
Hibernate: insert into user (user_id, created, email, enabled, grade, name, password, school_school_id, teacher_user_id, updated) values (null, ?, ?, ?, ?, ?, ?, ?, ?, ?)
Hibernate: select authority0_.user_id as user_id1_0_0_, authority0_.authority as authorit2_0_0_ from authority authority0_ where authority0_.user_id=? and authority0_.authority=?
Hibernate: insert into authority (user_id, authority) values (?, ?)
Hibernate: insert into paper_template (paper_template_id, complete_count, created, name, published_count, total, updated, user_id) values (null, ?, ?, ?, ?, ?, ?, ?)
Hibernate: insert into problem (problem_id, answer, content, created, index_num, paper_template_id, updated) values (null, ?, ?, ?, ?, ?, ?)
Hibernate: insert into problem (problem_id, answer, content, created, index_num, paper_template_id, updated) values (null, ?, ?, ?, ?, ?, ?)
Hibernate: insert into problem (problem_id, answer, content, created, index_num, paper_template_id, updated) values (null, ?, ?, ?, ?, ?, ?)
Hibernate: update user set email=?, enabled=?, grade=?, name=?, password=?, school_school_id=?, teacher_user_id=?, updated=? where user_id=?
Hibernate: update paper_template set complete_count=?, name=?, published_count=?, total=?, updated=?, user_id=? where paper_template_id=?
Hibernate: update authority set authorities_user_id=? where user_id=? and authority=?
Hibernate: update problem set problem_list_paper_template_id=? where problem_id=?
Hibernate: update problem set problem_list_paper_template_id=? where problem_id=?
Hibernate: update problem set problem_list_paper_template_id=? where problem_id=?
Hibernate: select papertempl0_.paper_template_id as paper_te1_3_, papertempl0_.complete_count as complete2_3_, papertempl0_.created as created3_3_, papertempl0_.name as name4_3_, papertempl0_.published_count as publishe5_3_, papertempl0_.total as total6_3_, papertempl0_.updated as updated7_3_, papertempl0_.user_id as user_id8_3_ from paper_template papertempl0_
Hibernate: update paper_template set complete_count=?, name=?, published_count=?, total=?, updated=?, user_id=? where paper_template_id=?
Hibernate: update problem set answer=?, content=?, index_num=?, paper_template_id=?, updated=? where problem_id=?
Hibernate: update problem set problem_list_paper_template_id=null where problem_list_paper_template_id=?
Hibernate: update problem set problem_list_paper_template_id=? where problem_id=?
Hibernate: update problem set problem_list_paper_template_id=? where problem_id=?
Hibernate: delete from problem where problem_id=?
Hibernate: select papertempl0_.paper_template_id as paper_te1_3_, papertempl0_.complete_count as complete2_3_, papertempl0_.created as created3_3_, papertempl0_.name as name4_3_, papertempl0_.published_count as publishe5_3_, papertempl0_.total as total6_3_, papertempl0_.updated as updated7_3_, papertempl0_.user_id as user_id8_3_ from paper_template papertempl0_
Hibernate: select papertempl0_.paper_template_id as paper_te1_3_, papertempl0_.complete_count as complete2_3_, papertempl0_.created as created3_3_, papertempl0_.name as name4_3_, papertempl0_.published_count as publishe5_3_, papertempl0_.total as total6_3_, papertempl0_.updated as updated7_3_, papertempl0_.user_id as user_id8_3_ from paper_template papertempl0_
2021-08-30 06:04:40.911  INFO 9015 --- [    Test worker] o.s.t.c.transaction.TransactionContext   : Rolled back transaction for test: [DefaultTestContext@7c2d82ff testClass = PaperTemplateTest, testInstance = com.sp.fc.service.PaperTemplateTest@579feecc, testMethod = test_3@PaperTemplateTest, testException = [null], mergedContextConfiguration = [MergedContextConfiguration@2b6bbbcd testClass = PaperTemplateTest, locations = '{}', classes = '{class com.sp.fc.PaperTestApp}', contextInitializerClasses = '[]', activeProfiles = '{}', propertySourceLocations = '{}', propertySourceProperties = '{org.springframework.boot.test.autoconfigure.orm.jpa.DataJpaTestContextBootstrapper=true}', contextCustomizers = set[org.springframework.boot.test.autoconfigure.OverrideAutoConfigurationContextCustomizerFactory$DisableAutoConfigurationContextCustomizer@ae30538, org.springframework.boot.test.autoconfigure.actuate.metrics.MetricsExportContextCustomizerFactory$DisableMetricExportContextCustomizer@104db479, org.springframework.boot.test.autoconfigure.filter.TypeExcludeFiltersContextCustomizer@351584c0, org.springframework.boot.test.autoconfigure.properties.PropertyMappingContextCustomizer@e5015237, org.springframework.boot.test.autoconfigure.web.servlet.WebDriverContextCustomizerFactory$Customizer@6cac0485, [ImportsContextCustomizer@ad2c6a0 key = [org.springframework.boot.autoconfigure.cache.CacheAutoConfiguration, org.springframework.boot.autoconfigure.data.jpa.JpaRepositoriesAutoConfiguration, org.springframework.boot.autoconfigure.flyway.FlywayAutoConfiguration, org.springframework.boot.autoconfigure.jdbc.DataSourceAutoConfiguration, org.springframework.boot.autoconfigure.jdbc.DataSourceTransactionManagerAutoConfiguration, org.springframework.boot.autoconfigure.jdbc.JdbcTemplateAutoConfiguration, org.springframework.boot.autoconfigure.liquibase.LiquibaseAutoConfiguration, org.springframework.boot.autoconfigure.orm.jpa.HibernateJpaAutoConfiguration, org.springframework.boot.autoconfigure.transaction.TransactionAutoConfiguration, org.springframework.boot.test.autoconfigure.jdbc.TestDatabaseAutoConfiguration, org.springframework.boot.test.autoconfigure.orm.jpa.TestEntityManagerAutoConfiguration]], org.springframework.boot.test.context.filter.ExcludeFilterContextCustomizer@52af207c, org.springframework.boot.test.json.DuplicateJsonObjectContextCustomizerFactory$DuplicateJsonObjectContextCustomizer@14b40924, org.springframework.boot.test.mock.mockito.MockitoContextCustomizer@0, org.springframework.boot.test.context.SpringBootTestArgs@1, org.springframework.boot.test.context.SpringBootTestWebEnvironment@0], contextLoader = 'org.springframework.boot.test.context.SpringBootContextLoader', parent = [null]], attributes = map[[empty]]]
]]></system-out>
  <system-err><![CDATA[]]></system-err>
</testsuite>
