<?xml version="1.0" encoding="UTF-8"?>
<testsuite name="com.sp.fc.Test1" tests="1" skipped="0" failures="0" errors="0" timestamp="2021-08-22T08:26:15" hostname="yangsungbinui-MacBookPro.local" time="0.017">
  <properties/>
  <testcase name="1. 테스트" classname="com.sp.fc.Test1" time="0.017"/>
  <system-out><![CDATA[]]></system-out>
  <system-err><![CDATA[]]></system-err>
</testsuite>
